{
  "stats": {
    "suites": 4,
    "tests": 18,
    "passes": 17,
    "pending": 0,
    "failures": 1,
    "start": "2022-12-03T06:05:11.496Z",
    "end": "2022-12-03T06:31:13.520Z",
    "duration": 1562024,
    "testsRegistered": 18,
    "passPercent": 94.44444444444444,
    "pendingPercent": 0,
    "other": 0,
    "hasOther": false,
    "skipped": 0,
    "hasSkipped": false
  },
  "results": [
    {
      "uuid": "39ef6a55-7ce6-4243-a1e6-b5366fa8e59f",
      "title": "",
      "fullFile": "cypress\\e2e\\miro\\tests\\sign-up.cy.js",
      "file": "cypress\\e2e\\miro\\tests\\sign-up.cy.js",
      "beforeHooks": [],
      "afterHooks": [],
      "tests": [],
      "suites": [
        {
          "uuid": "46cab83f-fac7-4948-81c6-1da5b701dd8d",
          "title": "Sign-Up Test Suite",
          "fullFile": "",
          "file": "",
          "beforeHooks": [],
          "afterHooks": [],
          "tests": [],
          "suites": [
            {
              "uuid": "648cd4e8-0c39-4426-8c05-a49029bf95a8",
              "title": "Positive Cases",
              "fullFile": "",
              "file": "",
              "beforeHooks": [],
              "afterHooks": [],
              "tests": [
                {
                  "title": "TC-01 Verifies successful registration for valid email",
                  "fullTitle": "Sign-Up Test Suite Positive Cases TC-01 Verifies successful registration for valid email",
                  "timedOut": null,
                  "duration": 112395,
                  "state": "passed",
                  "speed": "slow",
                  "pass": true,
                  "fail": false,
                  "pending": false,
                  "context": null,
                  "code": "signupPage.registration(_faker.faker.internet.email(), _faker.faker.name.fullName(), _faker.faker.internet.password());\ncy.verifyCurrentURL(Cypress.env('confirm_email_url'));",
                  "err": {},
                  "uuid": "34f19f7a-b02d-47a8-8ba0-73e81f4bb655",
                  "parentUUID": "648cd4e8-0c39-4426-8c05-a49029bf95a8",
                  "isHook": false,
                  "skipped": false
                },
                {
                  "title": "TC-02 Verifies terms link is correct and clickable",
                  "fullTitle": "Sign-Up Test Suite Positive Cases TC-02 Verifies terms link is correct and clickable",
                  "timedOut": null,
                  "duration": 104029,
                  "state": "passed",
                  "speed": "slow",
                  "pass": true,
                  "fail": false,
                  "pending": false,
                  "context": null,
                  "code": "signupPage.enterEmail(_faker.faker.internet.email());\nsignupPage.submitEmail();\nsignupPage.enterName(_faker.faker.name.fullName());\nsignupPage.submitName();\nsignupPage.clickTermsLink();\ncy.verifyCurrentURL(Cypress.env('terms_url'));",
                  "err": {},
                  "uuid": "6c3bf731-0f01-4a6b-9695-de50e13e15b7",
                  "parentUUID": "648cd4e8-0c39-4426-8c05-a49029bf95a8",
                  "isHook": false,
                  "skipped": false
                },
                {
                  "title": "TC-03 Verifies privacy link is correct and clickable",
                  "fullTitle": "Sign-Up Test Suite Positive Cases TC-03 Verifies privacy link is correct and clickable",
                  "timedOut": null,
                  "duration": 109676,
                  "state": "passed",
                  "speed": "slow",
                  "pass": true,
                  "fail": false,
                  "pending": false,
                  "context": null,
                  "code": "signupPage.enterEmail(_faker.faker.internet.email());\nsignupPage.submitEmail();\nsignupPage.enterName(_faker.faker.name.fullName());\nsignupPage.submitName();\nsignupPage.clickPrivacyLink();\ncy.verifyCurrentURL(Cypress.env('privacy_url'));",
                  "err": {},
                  "uuid": "71dac9af-4d85-412e-88e5-30db32e2083f",
                  "parentUUID": "648cd4e8-0c39-4426-8c05-a49029bf95a8",
                  "isHook": false,
                  "skipped": false
                }
              ],
              "suites": [],
              "passes": [
                "34f19f7a-b02d-47a8-8ba0-73e81f4bb655",
                "6c3bf731-0f01-4a6b-9695-de50e13e15b7",
                "71dac9af-4d85-412e-88e5-30db32e2083f"
              ],
              "failures": [],
              "pending": [],
              "skipped": [],
              "duration": 326100,
              "root": false,
              "rootEmpty": false,
              "_timeout": 2000
            },
            {
              "uuid": "17e69779-8e50-4cec-a385-dc55018b4043",
              "title": "Negative Cases",
              "fullFile": "",
              "file": "",
              "beforeHooks": [],
              "afterHooks": [],
              "tests": [
                {
                  "title": "TC-04 Verifies error for blank email",
                  "fullTitle": "Sign-Up Test Suite Negative Cases TC-04 Verifies error for blank email",
                  "timedOut": null,
                  "duration": 59639,
                  "state": "passed",
                  "speed": "slow",
                  "pass": true,
                  "fail": false,
                  "pending": false,
                  "context": null,
                  "code": "signupPage.submitEmail();\ncy.verifyErrorText(signupPage.emailError, _errors.default.blank_email_error);",
                  "err": {},
                  "uuid": "d5383cae-de83-419e-b155-91a90746b698",
                  "parentUUID": "17e69779-8e50-4cec-a385-dc55018b4043",
                  "isHook": false,
                  "skipped": false
                },
                {
                  "title": "TC-05 Verifies error for invalid email",
                  "fullTitle": "Sign-Up Test Suite Negative Cases TC-05 Verifies error for invalid email",
                  "timedOut": null,
                  "duration": 50209,
                  "state": "passed",
                  "speed": "slow",
                  "pass": true,
                  "fail": false,
                  "pending": false,
                  "context": null,
                  "code": "signupPage.enterEmail(_faker.faker.internet.userName());\nsignupPage.submitEmail();\ncy.verifyErrorText(signupPage.emailError, _errors.default.invalid_email_error);",
                  "err": {},
                  "uuid": "73a46058-9fb6-4a9d-89d7-c488525d546c",
                  "parentUUID": "17e69779-8e50-4cec-a385-dc55018b4043",
                  "isHook": false,
                  "skipped": false
                },
                {
                  "title": "TC-06 Verifies error for blank name",
                  "fullTitle": "Sign-Up Test Suite Negative Cases TC-06 Verifies error for blank name",
                  "timedOut": null,
                  "duration": 53797,
                  "state": "passed",
                  "speed": "slow",
                  "pass": true,
                  "fail": false,
                  "pending": false,
                  "context": null,
                  "code": "signupPage.enterEmail(_faker.faker.internet.email());\nsignupPage.submitEmail();\nsignupPage.submitName();\ncy.verifyErrorText(signupPage.nameError, _errors.default.blank_name_error);",
                  "err": {},
                  "uuid": "4af843a5-729f-4575-a870-92764d14c545",
                  "parentUUID": "17e69779-8e50-4cec-a385-dc55018b4043",
                  "isHook": false,
                  "skipped": false
                },
                {
                  "title": "TC-07 Verifies error for blank password",
                  "fullTitle": "Sign-Up Test Suite Negative Cases TC-07 Verifies error for blank password",
                  "timedOut": null,
                  "duration": 60165,
                  "state": "passed",
                  "speed": "slow",
                  "pass": true,
                  "fail": false,
                  "pending": false,
                  "context": null,
                  "code": "signupPage.enterEmail(_faker.faker.internet.email());\nsignupPage.submitEmail();\nsignupPage.enterName(_faker.faker.name.fullName());\nsignupPage.submitName();\nsignupPage.clickTermsCheckBox();\nsignupPage.submitPassword();\ncy.verifyErrorText(signupPage.passwordError, _errors.default.blank_password_error);",
                  "err": {},
                  "uuid": "359e7e6b-a669-40b9-8225-92e2c0da41a3",
                  "parentUUID": "17e69779-8e50-4cec-a385-dc55018b4043",
                  "isHook": false,
                  "skipped": false
                },
                {
                  "title": "TC-08 Verifies error for invalid password",
                  "fullTitle": "Sign-Up Test Suite Negative Cases TC-08 Verifies error for invalid password",
                  "timedOut": null,
                  "duration": 66100,
                  "state": "passed",
                  "speed": "slow",
                  "pass": true,
                  "fail": false,
                  "pending": false,
                  "context": null,
                  "code": "signupPage.registration(_faker.faker.internet.email(), _faker.faker.name.fullName(), _faker.faker.internet.password(7));\ncy.verifyErrorText(signupPage.invalidPasswordError, _errors.default.invalid_password_error);",
                  "err": {},
                  "uuid": "d2d58611-ec2a-4468-a624-5776a804dc7d",
                  "parentUUID": "17e69779-8e50-4cec-a385-dc55018b4043",
                  "isHook": false,
                  "skipped": false
                },
                {
                  "title": "TC-09 Verifies error for unchecked TnC",
                  "fullTitle": "Sign-Up Test Suite Negative Cases TC-09 Verifies error for unchecked TnC",
                  "timedOut": null,
                  "duration": 62038,
                  "state": "passed",
                  "speed": "slow",
                  "pass": true,
                  "fail": false,
                  "pending": false,
                  "context": null,
                  "code": "signupPage.enterEmail(_faker.faker.internet.email());\nsignupPage.submitEmail();\nsignupPage.enterName(_faker.faker.name.fullName());\nsignupPage.submitName();\nsignupPage.enterPassword(_faker.faker.internet.password());\nsignupPage.submitPassword();\ncy.verifyErrorText(signupPage.termsError, _errors.default.t_n_c_unchecked_error);",
                  "err": {},
                  "uuid": "11d06c81-4cdd-44aa-9a36-da4038425c4c",
                  "parentUUID": "17e69779-8e50-4cec-a385-dc55018b4043",
                  "isHook": false,
                  "skipped": false
                },
                {
                  "title": "TC-10 Verifies error for existing email",
                  "fullTitle": "Sign-Up Test Suite Negative Cases TC-10 Verifies error for existing email",
                  "timedOut": null,
                  "duration": 56691,
                  "state": "failed",
                  "speed": null,
                  "pass": false,
                  "fail": true,
                  "pending": false,
                  "context": "{\n  \"title\": \"cypress-mochawesome-reporter-screenshots\",\n  \"value\": [\n    [\n      {\n        \"title\": \"Failed screenshot\",\n        \"value\": \"\\\\sign-up.cy.js\\\\Sign-Up Test Suite -- Negative Cases -- TC-10 Verifies error for existing email (failed).png\"\n      }\n    ]\n  ]\n}",
                  "code": "signupPage.enterEmail(Cypress.env('user_email'));\nsignupPage.enterName(_faker.faker.name.fullName());\nsignupPage.enterPassword(_faker.faker.internet.password());\ncy.verifyErrorText(signupPage.emailError, _errors.default.existing_email_error);",
                  "err": {
                    "message": "CypressError: Timed out retrying after 4000ms: `cy.type()` failed because this element is not visible:\n\n`<input class=\"signup__input-text \" type=\"text\" name=\"signup[name]\" id=\"name\" value=\"\" data-testid=\"mr-form-signup-name-1\" maxlength=\"55\" aria-describedby=\"signup-error-emptyname\" aria-invalid=\"false\" tabindex=\"0\" required=\"\" aria-required=\"true\">`\n\nThis element `<input#name.signup__input-text.>` is not visible because its parent `<div.signup__input-wrap.ssp-step.ssp-step-1.>` has CSS property: `display: none`\n\nFix this problem, or use `{force: true}` to disable error checking.\n\nhttps://on.cypress.io/element-cannot-be-interacted-with",
                    "estack": "CypressError: Timed out retrying after 4000ms: `cy.type()` failed because this element is not visible:\n\n`<input class=\"signup__input-text \" type=\"text\" name=\"signup[name]\" id=\"name\" value=\"\" data-testid=\"mr-form-signup-name-1\" maxlength=\"55\" aria-describedby=\"signup-error-emptyname\" aria-invalid=\"false\" tabindex=\"0\" required=\"\" aria-required=\"true\">`\n\nThis element `<input#name.signup__input-text.>` is not visible because its parent `<div.signup__input-wrap.ssp-step.ssp-step-1.>` has CSS property: `display: none`\n\nFix this problem, or use `{force: true}` to disable error checking.\n\nhttps://on.cypress.io/element-cannot-be-interacted-with\n    at runVisibilityCheck (https://miro.com/__cypress/runner/cypress_runner.js:147850:76)\n    at $Cy.ensureStrictVisibility (https://miro.com/__cypress/runner/cypress_runner.js:147866:12)\n    at runAllChecks (https://miro.com/__cypress/runner/cypress_runner.js:133546:14)\n    at retryActionability (https://miro.com/__cypress/runner/cypress_runner.js:133601:16)\n    at tryCatcher (https://miro.com/__cypress/runner/cypress_runner.js:11327:23)\n    at Promise.attempt.Promise.try (https://miro.com/__cypress/runner/cypress_runner.js:8601:29)\n    at whenStable (https://miro.com/__cypress/runner/cypress_runner.js:153099:65)\n    at <unknown> (https://miro.com/__cypress/runner/cypress_runner.js:152508:14)\n    at tryCatcher (https://miro.com/__cypress/runner/cypress_runner.js:11327:23)\n    at Promise._settlePromiseFromHandler (https://miro.com/__cypress/runner/cypress_runner.js:9262:31)\n    at Promise._settlePromise (https://miro.com/__cypress/runner/cypress_runner.js:9319:18)\n    at Promise._settlePromise0 (https://miro.com/__cypress/runner/cypress_runner.js:9364:10)\n    at Promise._settlePromises (https://miro.com/__cypress/runner/cypress_runner.js:9444:18)\n    at Promise._fulfill (https://miro.com/__cypress/runner/cypress_runner.js:9388:18)\n    at <unknown> (https://miro.com/__cypress/runner/cypress_runner.js:11002:46)\nFrom Your Spec Code:\n    at SignUpPage.enterName (webpack:///./cypress/e2e/miro/pages/SignUpPage.js:38:31)\n    at Context.eval (webpack:///./cypress/e2e/miro/tests/sign-up.cy.js:89:17)",
                    "diff": null
                  },
                  "uuid": "750577ca-e8d0-4941-a7a7-06820a216bf0",
                  "parentUUID": "17e69779-8e50-4cec-a385-dc55018b4043",
                  "isHook": false,
                  "skipped": false
                }
              ],
              "suites": [],
              "passes": [
                "d5383cae-de83-419e-b155-91a90746b698",
                "73a46058-9fb6-4a9d-89d7-c488525d546c",
                "4af843a5-729f-4575-a870-92764d14c545",
                "359e7e6b-a669-40b9-8225-92e2c0da41a3",
                "d2d58611-ec2a-4468-a624-5776a804dc7d",
                "11d06c81-4cdd-44aa-9a36-da4038425c4c"
              ],
              "failures": [
                "750577ca-e8d0-4941-a7a7-06820a216bf0"
              ],
              "pending": [],
              "skipped": [],
              "duration": 408639,
              "root": false,
              "rootEmpty": false,
              "_timeout": 2000
            },
            {
              "uuid": "f1b8d606-a243-4080-9815-07a6e93ce8e0",
              "title": "Localisation Cases",
              "fullFile": "",
              "file": "",
              "beforeHooks": [],
              "afterHooks": [],
              "tests": [
                {
                  "title": "TC-11 Verifies text for Japanese is まずは無料ではじめる ",
                  "fullTitle": "Sign-Up Test Suite Localisation Cases TC-11 Verifies text for Japanese is まずは無料ではじめる ",
                  "timedOut": null,
                  "duration": 103630,
                  "state": "passed",
                  "speed": "slow",
                  "pass": true,
                  "fail": false,
                  "pending": false,
                  "context": null,
                  "code": "signupPage.clickLanguageBtn();\nsignupPage.selectLanguage(Locale.locator);\nsignupPage.getSignUpText().then(text => {\n  expect(text).include(Locale.value);\n});",
                  "err": {},
                  "uuid": "b97b0bca-f6c9-4597-935a-14446b95b6d5",
                  "parentUUID": "f1b8d606-a243-4080-9815-07a6e93ce8e0",
                  "isHook": false,
                  "skipped": false
                },
                {
                  "title": "TC-11 Verifies text for English is Sign up for free today ",
                  "fullTitle": "Sign-Up Test Suite Localisation Cases TC-11 Verifies text for English is Sign up for free today ",
                  "timedOut": null,
                  "duration": 103714,
                  "state": "passed",
                  "speed": "slow",
                  "pass": true,
                  "fail": false,
                  "pending": false,
                  "context": null,
                  "code": "signupPage.clickLanguageBtn();\nsignupPage.selectLanguage(Locale.locator);\nsignupPage.getSignUpText().then(text => {\n  expect(text).include(Locale.value);\n});",
                  "err": {},
                  "uuid": "e450867b-7f72-406b-ac31-669d607d911c",
                  "parentUUID": "f1b8d606-a243-4080-9815-07a6e93ce8e0",
                  "isHook": false,
                  "skipped": false
                },
                {
                  "title": "TC-11 Verifies text for Francais is S'inscrire gratuitement aujourd'hui ",
                  "fullTitle": "Sign-Up Test Suite Localisation Cases TC-11 Verifies text for Francais is S'inscrire gratuitement aujourd'hui ",
                  "timedOut": null,
                  "duration": 98375,
                  "state": "passed",
                  "speed": "slow",
                  "pass": true,
                  "fail": false,
                  "pending": false,
                  "context": null,
                  "code": "signupPage.clickLanguageBtn();\nsignupPage.selectLanguage(Locale.locator);\nsignupPage.getSignUpText().then(text => {\n  expect(text).include(Locale.value);\n});",
                  "err": {},
                  "uuid": "5090ad9c-3370-4676-b4a0-7d80dc8490af",
                  "parentUUID": "f1b8d606-a243-4080-9815-07a6e93ce8e0",
                  "isHook": false,
                  "skipped": false
                },
                {
                  "title": "TC-11 Verifies text for Deutsch is Jetzt kostenlos anmelden ",
                  "fullTitle": "Sign-Up Test Suite Localisation Cases TC-11 Verifies text for Deutsch is Jetzt kostenlos anmelden ",
                  "timedOut": null,
                  "duration": 98677,
                  "state": "passed",
                  "speed": "slow",
                  "pass": true,
                  "fail": false,
                  "pending": false,
                  "context": null,
                  "code": "signupPage.clickLanguageBtn();\nsignupPage.selectLanguage(Locale.locator);\nsignupPage.getSignUpText().then(text => {\n  expect(text).include(Locale.value);\n});",
                  "err": {},
                  "uuid": "0801cdfe-b868-4df6-b735-351e64d385a9",
                  "parentUUID": "f1b8d606-a243-4080-9815-07a6e93ce8e0",
                  "isHook": false,
                  "skipped": false
                },
                {
                  "title": "TC-11 Verifies text for Dutch is Meld je vandaag gratis aan ",
                  "fullTitle": "Sign-Up Test Suite Localisation Cases TC-11 Verifies text for Dutch is Meld je vandaag gratis aan ",
                  "timedOut": null,
                  "duration": 100215,
                  "state": "passed",
                  "speed": "slow",
                  "pass": true,
                  "fail": false,
                  "pending": false,
                  "context": null,
                  "code": "signupPage.clickLanguageBtn();\nsignupPage.selectLanguage(Locale.locator);\nsignupPage.getSignUpText().then(text => {\n  expect(text).include(Locale.value);\n});",
                  "err": {},
                  "uuid": "8f198479-37fc-4809-92a5-41318f350f2f",
                  "parentUUID": "f1b8d606-a243-4080-9815-07a6e93ce8e0",
                  "isHook": false,
                  "skipped": false
                },
                {
                  "title": "TC-11 Verifies text for Italiano is Registrati gratis oggi ",
                  "fullTitle": "Sign-Up Test Suite Localisation Cases TC-11 Verifies text for Italiano is Registrati gratis oggi ",
                  "timedOut": null,
                  "duration": 100479,
                  "state": "passed",
                  "speed": "slow",
                  "pass": true,
                  "fail": false,
                  "pending": false,
                  "context": null,
                  "code": "signupPage.clickLanguageBtn();\nsignupPage.selectLanguage(Locale.locator);\nsignupPage.getSignUpText().then(text => {\n  expect(text).include(Locale.value);\n});",
                  "err": {},
                  "uuid": "226783f4-962b-44ce-b010-56be09f0c114",
                  "parentUUID": "f1b8d606-a243-4080-9815-07a6e93ce8e0",
                  "isHook": false,
                  "skipped": false
                },
                {
                  "title": "TC-11 Verifies text for Espanol is Regístrate gratis hoy ",
                  "fullTitle": "Sign-Up Test Suite Localisation Cases TC-11 Verifies text for Espanol is Regístrate gratis hoy ",
                  "timedOut": null,
                  "duration": 99193,
                  "state": "passed",
                  "speed": "slow",
                  "pass": true,
                  "fail": false,
                  "pending": false,
                  "context": null,
                  "code": "signupPage.clickLanguageBtn();\nsignupPage.selectLanguage(Locale.locator);\nsignupPage.getSignUpText().then(text => {\n  expect(text).include(Locale.value);\n});",
                  "err": {},
                  "uuid": "d174b410-dc16-4e0c-af1d-76e99ca6a2b0",
                  "parentUUID": "f1b8d606-a243-4080-9815-07a6e93ce8e0",
                  "isHook": false,
                  "skipped": false
                },
                {
                  "title": "TC-11 Verifies text for Portugues is Crie sua conta grátis hoje ",
                  "fullTitle": "Sign-Up Test Suite Localisation Cases TC-11 Verifies text for Portugues is Crie sua conta grátis hoje ",
                  "timedOut": null,
                  "duration": 102669,
                  "state": "passed",
                  "speed": "slow",
                  "pass": true,
                  "fail": false,
                  "pending": false,
                  "context": null,
                  "code": "signupPage.clickLanguageBtn();\nsignupPage.selectLanguage(Locale.locator);\nsignupPage.getSignUpText().then(text => {\n  expect(text).include(Locale.value);\n});",
                  "err": {},
                  "uuid": "497e8210-a8da-44a6-979d-3e1ce8cb1e7a",
                  "parentUUID": "f1b8d606-a243-4080-9815-07a6e93ce8e0",
                  "isHook": false,
                  "skipped": false
                }
              ],
              "suites": [],
              "passes": [
                "b97b0bca-f6c9-4597-935a-14446b95b6d5",
                "e450867b-7f72-406b-ac31-669d607d911c",
                "5090ad9c-3370-4676-b4a0-7d80dc8490af",
                "0801cdfe-b868-4df6-b735-351e64d385a9",
                "8f198479-37fc-4809-92a5-41318f350f2f",
                "226783f4-962b-44ce-b010-56be09f0c114",
                "d174b410-dc16-4e0c-af1d-76e99ca6a2b0",
                "497e8210-a8da-44a6-979d-3e1ce8cb1e7a"
              ],
              "failures": [],
              "pending": [],
              "skipped": [],
              "duration": 806952,
              "root": false,
              "rootEmpty": false,
              "_timeout": 2000
            }
          ],
          "passes": [],
          "failures": [],
          "pending": [],
          "skipped": [],
          "duration": 0,
          "root": false,
          "rootEmpty": false,
          "_timeout": 2000
        }
      ],
      "passes": [],
      "failures": [],
      "pending": [],
      "skipped": [],
      "duration": 0,
      "root": true,
      "rootEmpty": true,
      "_timeout": 2000
    }
  ],
  "meta": {
    "mocha": {
      "version": "7.0.1"
    },
    "mochawesome": {
      "options": {
        "quiet": false,
        "reportFilename": "mochawesome",
        "saveHtml": false,
        "saveJson": true,
        "consoleReporter": "spec",
        "useInlineDiffs": false,
        "code": true
      },
      "version": "7.1.3"
    },
    "marge": {
      "options": {
        "charts": true,
        "reportPageTitle": "custom-title",
        "embeddedScreenshots": true,
        "inlineAssets": true,
        "saveAllAttempts": false,
        "overwrite": false,
        "html": false,
        "json": true,
        "reportDir": "cypress\\reports\\html\\.jsons"
      },
      "version": "6.2.0"
    }
  }
}